2025-06-13 17:24:22,833 - INFO - ============================================================
2025-06-13 17:24:22,833 - INFO - 开始Git自动部署工作流程
2025-06-13 17:24:22,833 - INFO - ============================================================
2025-06-13 17:24:22,833 - INFO - 检查Git状态...
2025-06-13 17:24:22,850 - ERROR - 当前目录不是Git仓库
2025-06-13 17:24:22,851 - INFO - 创建测试更改: /Users/liuwei/SynologyDrive/0050Project/YY.Fangcheng/last_deploy.txt
2025-06-13 17:24:22,851 - INFO - 添加更改到Git...
2025-06-13 17:24:22,870 - ERROR - Git add失败: fatal: not a git repository (or any of the parent directories): .git

2025-06-13 17:24:48,060 - INFO - ============================================================
2025-06-13 17:24:48,061 - INFO - 开始Git自动部署工作流程
2025-06-13 17:24:48,061 - INFO - ============================================================
2025-06-13 17:24:48,061 - INFO - 检查Git状态...
2025-06-13 17:24:48,102 - INFO - 发现未提交的更改:
2025-06-13 17:24:48,102 - INFO - 添加更改到Git...
2025-06-13 17:24:48,122 - INFO - 提交更改: Auto deploy: 2025-06-13 17:24:48
2025-06-13 17:24:48,179 - INFO - 推送到远程仓库...
2025-06-13 17:24:48,199 - ERROR - Git push失败: fatal: No configured push destination.
Either specify the URL from the command-line or configure a remote repository using

    git remote add <name> <url>

and then push using the remote name

    git push <name>


2025-06-13 17:26:14,396 - INFO - 添加更改到Git...
2025-06-13 17:26:14,418 - INFO - 提交更改: 测试HTTPS自动部署流程
2025-06-13 17:26:14,456 - INFO - 推送到远程仓库...
2025-06-13 17:26:14,474 - WARNING - 没有配置远程仓库，跳过push步骤
2025-06-13 17:26:14,474 - INFO - Git操作完成
2025-06-13 17:26:14,474 - INFO - 开始部署到服务器...
2025-06-13 17:26:36,180 - INFO - 服务器部署成功
2025-06-13 17:26:37,081 - WARNING - 部署验证失败，但这可能是正常的（服务器可能需要更多时间启动）
2025-06-13 17:26:37,082 - INFO - 进度文件已更新
2025-06-13 17:30:19,551 - INFO - 添加更改到Git...
2025-06-13 17:30:19,575 - INFO - 提交更改: 使用正式SSL证书的HTTPS部署
2025-06-13 17:30:19,610 - INFO - 推送到远程仓库...
2025-06-13 17:30:19,628 - WARNING - 没有配置远程仓库，跳过push步骤
2025-06-13 17:30:19,628 - INFO - Git操作完成
2025-06-13 17:30:19,628 - INFO - 开始部署到服务器...
2025-06-13 17:30:44,388 - INFO - 服务器部署成功
2025-06-13 17:30:48,897 - WARNING - 部署验证失败，但这可能是正常的（服务器可能需要更多时间启动）
2025-06-13 17:30:48,897 - INFO - 进度文件已更新
2025-06-13 17:34:29,260 - INFO - 添加更改到Git...
