2025-06-13 17:37:31,117 - INFO - 开始简单HTTP服务器部署...
2025-06-13 17:37:31,377 - INFO - Connected (version 2.0, client OpenSSH_7.4)
2025-06-13 17:37:31,702 - INFO - Authentication (publickey) successful!
2025-06-13 17:37:31,702 - INFO - SSH密钥连接成功
2025-06-13 17:37:31,787 - INFO - [chan 0] Opened sftp connection (server version 3)
2025-06-13 17:37:33,700 - INFO - 部署包创建成功: fangcheng_deploy_20250613_173731.tar.gz
2025-06-13 17:37:33,783 - INFO - 上传文件到服务器: /tmp/fangcheng_deploy_20250613_173731.tar.gz
2025-06-13 17:37:42,601 - INFO - 解压到应用目录: /var/www/fangcheng
2025-06-13 17:37:42,693 - INFO - 文件上传和解压完成
2025-06-13 17:37:42,790 - INFO - HTTP服务器脚本创建完成
2025-06-13 17:37:42,828 - INFO - 启动HTTP服务器在端口 8888...
2025-06-13 17:37:45,927 - ERROR - HTTP服务器启动失败，请检查日志
2025-06-13 17:37:54,460 - WARNING - 健康检查失败: ('Connection aborted.', RemoteDisconnected('Remote end closed connection without response'))
2025-06-13 17:37:54,460 - INFO - 部署完成，但健康检查未通过，请手动检查
2025-06-13 17:37:54,460 - INFO - 应用访问地址: http://op.gaowei.com:8888
2025-06-13 17:37:54,460 - INFO - [chan 0] sftp session closed.
2025-06-13 17:56:03,494 - INFO - 开始简单HTTP服务器部署...
2025-06-13 17:56:03,756 - INFO - Connected (version 2.0, client OpenSSH_7.4)
2025-06-13 17:56:04,077 - INFO - Authentication (publickey) successful!
2025-06-13 17:56:04,078 - INFO - SSH密钥连接成功
2025-06-13 17:56:04,164 - INFO - [chan 0] Opened sftp connection (server version 3)
2025-06-13 17:56:06,169 - INFO - 部署包创建成功: fangcheng_deploy_20250613_175604.tar.gz
2025-06-13 17:56:06,354 - INFO - 上传文件到服务器: /tmp/fangcheng_deploy_20250613_175604.tar.gz
2025-06-13 17:56:15,546 - INFO - 解压到应用目录: /var/www/fangcheng
2025-06-13 17:56:15,757 - INFO - 文件上传和解压完成
2025-06-13 17:56:15,992 - INFO - HTTP服务器脚本创建完成
2025-06-13 17:56:16,032 - INFO - 启动HTTP服务器在端口 8888...
2025-06-13 17:56:19,131 - ERROR - HTTP服务器启动失败，请检查日志
2025-06-13 17:56:29,252 - WARNING - 健康检查失败: HTTPConnectionPool(host='op.gaowei.com', port=8888): Read timed out. (read timeout=5)
2025-06-13 17:56:29,252 - INFO - 部署完成，但健康检查未通过，请手动检查
2025-06-13 17:56:29,253 - INFO - 应用访问地址: http://op.gaowei.com:8888
2025-06-13 17:56:29,253 - INFO - [chan 0] sftp session closed.
2025-06-13 18:06:50,875 - INFO - 开始简单HTTP服务器部署...
2025-06-13 18:06:51,135 - INFO - Connected (version 2.0, client OpenSSH_7.4)
2025-06-13 18:06:51,458 - INFO - Authentication (publickey) successful!
2025-06-13 18:06:51,458 - INFO - SSH密钥连接成功
2025-06-13 18:06:51,543 - INFO - [chan 0] Opened sftp connection (server version 3)
2025-06-13 18:06:53,497 - INFO - 部署包创建成功: fangcheng_deploy_20250613_180651.tar.gz
2025-06-13 18:06:53,581 - INFO - 上传文件到服务器: /tmp/fangcheng_deploy_20250613_180651.tar.gz
2025-06-13 18:07:02,773 - INFO - 解压到应用目录: /var/www/fangcheng
2025-06-13 18:07:02,870 - INFO - 文件上传和解压完成
2025-06-13 18:07:02,971 - INFO - HTTP服务器脚本创建完成
2025-06-13 18:07:03,011 - INFO - 启动HTTP服务器在端口 8888...
2025-06-13 18:07:06,112 - ERROR - HTTP服务器启动失败，请检查日志
2025-06-13 18:07:16,214 - WARNING - 健康检查失败: HTTPConnectionPool(host='op.gaowei.com', port=8888): Read timed out. (read timeout=5)
2025-06-13 18:07:16,214 - INFO - 部署完成，但健康检查未通过，请手动检查
2025-06-13 18:07:16,214 - INFO - 应用访问地址: http://op.gaowei.com:8888
2025-06-13 18:07:16,214 - INFO - [chan 0] sftp session closed.
2025-06-13 18:28:49,961 - INFO - 开始简单HTTP服务器部署...
2025-06-13 18:28:50,215 - INFO - Connected (version 2.0, client OpenSSH_7.4)
2025-06-13 18:28:50,532 - INFO - Authentication (publickey) successful!
2025-06-13 18:28:50,532 - INFO - SSH密钥连接成功
2025-06-13 18:28:50,608 - INFO - [chan 0] Opened sftp connection (server version 3)
2025-06-13 18:28:52,707 - INFO - 部署包创建成功: fangcheng_deploy_20250613_182850.tar.gz
2025-06-13 18:28:52,781 - INFO - 上传文件到服务器: /tmp/fangcheng_deploy_20250613_182850.tar.gz
2025-06-13 18:29:02,112 - INFO - 解压到应用目录: /var/www/fangcheng
2025-06-13 18:29:02,196 - INFO - 文件上传和解压完成
2025-06-13 18:29:02,288 - INFO - HTTP服务器脚本创建完成
2025-06-13 18:29:02,324 - INFO - 启动HTTP服务器在端口 88...
2025-06-13 18:29:05,425 - ERROR - HTTP服务器启动失败，请检查日志
2025-06-13 18:29:10,779 - WARNING - 健康检查失败，状态码: 404
2025-06-13 18:29:10,779 - INFO - 部署完成，但健康检查未通过，请手动检查
2025-06-13 18:29:10,779 - INFO - 应用访问地址: http://op.gaowei.com:88
2025-06-13 18:29:10,779 - INFO - [chan 0] sftp session closed.
2025-06-13 18:35:55,390 - INFO - 开始简单HTTP服务器部署...
2025-06-13 18:35:55,647 - INFO - Connected (version 2.0, client OpenSSH_7.4)
2025-06-13 18:35:55,970 - INFO - Authentication (publickey) successful!
2025-06-13 18:35:55,970 - INFO - SSH密钥连接成功
2025-06-13 18:35:56,049 - INFO - [chan 0] Opened sftp connection (server version 3)
2025-06-13 18:35:57,910 - INFO - 部署包创建成功: fangcheng_deploy_20250613_183556.tar.gz
2025-06-13 18:35:57,990 - INFO - 上传文件到服务器: /tmp/fangcheng_deploy_20250613_183556.tar.gz
2025-06-13 18:36:08,868 - INFO - 解压到应用目录: /var/www/fangcheng
2025-06-13 18:36:08,954 - INFO - 文件上传和解压完成
2025-06-13 18:36:09,053 - INFO - HTTP服务器脚本创建完成
2025-06-13 18:36:09,091 - INFO - 启动HTTP服务器在端口 88...
2025-06-13 18:36:12,186 - ERROR - HTTP服务器启动失败，请检查日志
2025-06-13 18:36:17,533 - WARNING - 健康检查失败，状态码: 404
2025-06-13 18:36:17,533 - INFO - 部署完成，但健康检查未通过，请手动检查
2025-06-13 18:36:17,533 - INFO - 应用访问地址: http://op.gaowei.com:88
2025-06-13 18:36:17,533 - INFO - [chan 0] sftp session closed.
